<?xml version="1.0" encoding="UTF-8"?>
<!-- Generated by org.testng.reporters.JUnitReportReporter -->
<testsuite skipped="0" hostname="DESKTOP-28VRNDT" name="driver.DriverScript" tests="1" failures="0" timestamp="2020-12-04T22:21:08 IST" time="98.664" errors="0">
  <testcase name="executeTests" time="98.664" classname="driver.DriverScript"/>
  <system-out/>
</testsuite> <!-- driver.DriverScript -->
